<?xml version="1.0" encoding="UTF-8"?>
<!-- Generated by org.testng.reporters.JUnitReportReporter -->
<testsuite skipped="0" hostname="IN5CG4525JV9" name="ara.seleniumassingment.seleniumassisgnment.arafat" tests="2" failures="0" timestamp="02 Jul 2019 10:26:53 GMT" time="27.226" errors="0">
  <testcase name="Configuration" time="0.036" classname="ara.seleniumassingment.seleniumassisgnment.arafat"/>
  <testcase name="startApp" time="27.190" classname="ara.seleniumassingment.seleniumassisgnment.arafat"/>
</testsuite> <!-- ara.seleniumassingment.seleniumassisgnment.arafat -->
